<?xml version="1.0" encoding="UTF-8"?>
<!-- Generated by org.testng.reporters.JUnitReportReporter -->
<testsuite hostname="DESKTOP-K0J5U40" failures="0" tests="1" name="resources.getGoogleTest" time="4.885" errors="0" timestamp="15 Jul 2020 08:35:53 GMT">
  <testcase classname="resources.getGoogleTest" name="getURL" time="4.885"/>
</testsuite> <!-- resources.getGoogleTest -->
