<?xml version="1.0" encoding="UTF-8"?>
<!-- Generated by org.testng.reporters.JUnitReportReporter -->
<testsuite hostname="DESKTOP-K0J5U40" failures="0" tests="1" name="resources.AppTest" time="0.001" errors="0" timestamp="15 Jul 2020 08:35:54 GMT">
  <testcase classname="resources.AppTest" name="shouldAnswerWithTrue" time="0.001"/>
</testsuite> <!-- resources.AppTest -->
