<?xml version="1.0" encoding="UTF-8"?>
<!-- Generated by org.testng.reporters.JUnitReportReporter -->
<testsuite hostname="DESKTOP-K0J5U40" failures="0" tests="4" name="resources.SpiceJetE2E" time="52.807" errors="0" timestamp="23 Jul 2020 11:06:50 GMT">
  <testcase classname="resources.SpiceJetE2E" name="bookTickets" time="12.703"/>
  <testcase classname="resources.SpiceJetE2E" name="bookTickets" time="12.287"/>
  <testcase classname="resources.SpiceJetE2E" name="bookTickets" time="15.307"/>
  <testcase classname="resources.SpiceJetE2E" name="bookTickets" time="12.510"/>
</testsuite> <!-- resources.SpiceJetE2E -->
