<?xml version="1.0" encoding="UTF-8"?>
<!-- Generated by org.testng.reporters.JUnitReportReporter -->
<testsuite hostname="DESKTOP-K0J5U40" failures="0" tests="4" name="resources.SpiceJetE2E" time="58.487" errors="0" timestamp="23 Jul 2020 10:38:06 GMT">
  <testcase classname="resources.SpiceJetE2E" name="bookTickets" time="12.722"/>
  <testcase classname="resources.SpiceJetE2E" name="bookTickets" time="19.511"/>
  <testcase classname="resources.SpiceJetE2E" name="bookTickets" time="15.190"/>
  <testcase classname="resources.SpiceJetE2E" name="bookTickets" time="11.064"/>
</testsuite> <!-- resources.SpiceJetE2E -->
