<?xml version="1.0" encoding="UTF-8"?>
<!-- Generated by org.testng.reporters.JUnitReportReporter -->
<testsuite hostname="DESKTOP-K0J5U40" failures="0" tests="1" name="resources.ShoppingCartTest" time="33.453" errors="0" timestamp="15 Jul 2020 14:43:02 GMT">
  <testcase classname="resources.ShoppingCartTest" name="shop" time="33.453"/>
</testsuite> <!-- resources.ShoppingCartTest -->
